20-Apr-2019 09:13:49.251 严重 [main] org.apache.catalina.core.AprLifecycleListener.init An incompatible version [1.2.10] of the APR based Apache Tomcat Native library is installed, while Tomcat requires version [1.2.14]
20-Apr-2019 09:13:49.290 严重 [main] org.apache.catalina.core.AprLifecycleListener.init An incompatible version [1.2.10] of the APR based Apache Tomcat Native library is installed, while Tomcat requires version [1.2.14]
20-Apr-2019 09:13:49.295 严重 [main] org.apache.catalina.core.AprLifecycleListener.init An incompatible version [1.2.10] of the APR based Apache Tomcat Native library is installed, while Tomcat requires version [1.2.14]
20-Apr-2019 09:13:49.296 严重 [main] org.apache.catalina.core.AprLifecycleListener.init An incompatible version [1.2.10] of the APR based Apache Tomcat Native library is installed, while Tomcat requires version [1.2.14]
20-Apr-2019 09:13:49.316 严重 [main] org.apache.catalina.core.AprLifecycleListener.init An incompatible version [1.2.10] of the APR based Apache Tomcat Native library is installed, while Tomcat requires version [1.2.14]
20-Apr-2019 09:13:49.319 严重 [main] org.apache.catalina.core.AprLifecycleListener.init An incompatible version [1.2.10] of the APR based Apache Tomcat Native library is installed, while Tomcat requires version [1.2.14]
20-Apr-2019 09:13:49.351 信息 [main] org.apache.catalina.startup.VersionLoggerListener.log Server version:        Apache Tomcat/8.5.40
20-Apr-2019 09:13:49.355 信息 [main] org.apache.catalina.startup.VersionLoggerListener.log Server built:          Apr 10 2019 14:31:19 UTC
20-Apr-2019 09:13:49.355 信息 [main] org.apache.catalina.startup.VersionLoggerListener.log Server number:         8.5.40.0
20-Apr-2019 09:13:49.355 信息 [main] org.apache.catalina.startup.VersionLoggerListener.log OS Name:               Windows 10
20-Apr-2019 09:13:49.356 信息 [main] org.apache.catalina.startup.VersionLoggerListener.log OS Version:            10.0
20-Apr-2019 09:13:49.356 信息 [main] org.apache.catalina.startup.VersionLoggerListener.log Architecture:          amd64
20-Apr-2019 09:13:49.356 信息 [main] org.apache.catalina.startup.VersionLoggerListener.log Java Home:             C:\Program Files\Java\jdk1.8.0_121\jre
20-Apr-2019 09:13:49.356 信息 [main] org.apache.catalina.startup.VersionLoggerListener.log JVM Version:           1.8.0_121-b13
20-Apr-2019 09:13:49.356 信息 [main] org.apache.catalina.startup.VersionLoggerListener.log JVM Vendor:            Oracle Corporation
20-Apr-2019 09:13:49.356 信息 [main] org.apache.catalina.startup.VersionLoggerListener.log CATALINA_BASE:         E:\intellji\cas\apache-tomcat-8.5.40SSOServer
20-Apr-2019 09:13:49.358 信息 [main] org.apache.catalina.startup.VersionLoggerListener.log CATALINA_HOME:         E:\intellji\cas\apache-tomcat-8.5.40SSOServer
20-Apr-2019 09:13:49.358 信息 [main] org.apache.catalina.startup.VersionLoggerListener.log Command line argument: -Djava.util.logging.config.file=E:\intellji\cas\apache-tomcat-8.5.40SSOServer\conf\logging.properties
20-Apr-2019 09:13:49.359 信息 [main] org.apache.catalina.startup.VersionLoggerListener.log Command line argument: -Djava.util.logging.manager=org.apache.juli.ClassLoaderLogManager
20-Apr-2019 09:13:49.359 信息 [main] org.apache.catalina.startup.VersionLoggerListener.log Command line argument: -Djdk.tls.ephemeralDHKeySize=2048
20-Apr-2019 09:13:49.359 信息 [main] org.apache.catalina.startup.VersionLoggerListener.log Command line argument: -Djava.protocol.handler.pkgs=org.apache.catalina.webresources
20-Apr-2019 09:13:49.360 信息 [main] org.apache.catalina.startup.VersionLoggerListener.log Command line argument: -Dignore.endorsed.dirs=
20-Apr-2019 09:13:49.360 信息 [main] org.apache.catalina.startup.VersionLoggerListener.log Command line argument: -Dcatalina.base=E:\intellji\cas\apache-tomcat-8.5.40SSOServer
20-Apr-2019 09:13:49.360 信息 [main] org.apache.catalina.startup.VersionLoggerListener.log Command line argument: -Dcatalina.home=E:\intellji\cas\apache-tomcat-8.5.40SSOServer
20-Apr-2019 09:13:49.361 信息 [main] org.apache.catalina.startup.VersionLoggerListener.log Command line argument: -Djava.io.tmpdir=E:\intellji\cas\apache-tomcat-8.5.40SSOServer\temp
20-Apr-2019 09:13:49.364 严重 [main] org.apache.catalina.core.AprLifecycleListener.init An incompatible version [1.2.10] of the APR based Apache Tomcat Native library is installed, while Tomcat requires version [1.2.14]
20-Apr-2019 09:13:49.480 严重 [main] org.apache.catalina.core.AprLifecycleListener.init An incompatible version [1.2.10] of the APR based Apache Tomcat Native library is installed, while Tomcat requires version [1.2.14]
20-Apr-2019 09:13:49.480 信息 [main] org.apache.coyote.AbstractProtocol.init Initializing ProtocolHandler ["http-nio-8080"]
20-Apr-2019 09:13:49.968 信息 [main] org.apache.tomcat.util.net.NioSelectorPool.getSharedSelector Using a shared selector for servlet write/read
20-Apr-2019 09:13:49.976 严重 [main] org.apache.catalina.core.AprLifecycleListener.init An incompatible version [1.2.10] of the APR based Apache Tomcat Native library is installed, while Tomcat requires version [1.2.14]
20-Apr-2019 09:13:49.997 信息 [main] org.apache.coyote.AbstractProtocol.init Initializing ProtocolHandler ["https-jsse-nio-8443"]
20-Apr-2019 09:13:51.028 信息 [main] org.apache.tomcat.util.net.NioSelectorPool.getSharedSelector Using a shared selector for servlet write/read
20-Apr-2019 09:13:51.031 严重 [main] org.apache.catalina.core.AprLifecycleListener.init An incompatible version [1.2.10] of the APR based Apache Tomcat Native library is installed, while Tomcat requires version [1.2.14]
20-Apr-2019 09:13:51.031 信息 [main] org.apache.coyote.AbstractProtocol.init Initializing ProtocolHandler ["ajp-nio-8009"]
20-Apr-2019 09:13:51.033 严重 [main] org.apache.catalina.core.AprLifecycleListener.init An incompatible version [1.2.10] of the APR based Apache Tomcat Native library is installed, while Tomcat requires version [1.2.14]
20-Apr-2019 09:13:51.033 严重 [main] org.apache.catalina.core.AprLifecycleListener.init An incompatible version [1.2.10] of the APR based Apache Tomcat Native library is installed, while Tomcat requires version [1.2.14]
20-Apr-2019 09:13:51.033 严重 [main] org.apache.catalina.core.StandardService.initInternal Failed to initialize connector [Connector[AJP/1.3-8009]]
 org.apache.catalina.LifecycleException: Failed to initialize component [Connector[AJP/1.3-8009]]
	at org.apache.catalina.util.LifecycleBase.init(LifecycleBase.java:112)
	at org.apache.catalina.core.StandardService.initInternal(StandardService.java:552)
	at org.apache.catalina.util.LifecycleBase.init(LifecycleBase.java:107)
	at org.apache.catalina.core.StandardServer.initInternal(StandardServer.java:875)
	at org.apache.catalina.util.LifecycleBase.init(LifecycleBase.java:107)
	at org.apache.catalina.startup.Catalina.load(Catalina.java:639)
	at org.apache.catalina.startup.Catalina.load(Catalina.java:662)
	at sun.reflect.NativeMethodAccessorImpl.invoke0(Native Method)
	at sun.reflect.NativeMethodAccessorImpl.invoke(NativeMethodAccessorImpl.java:62)
	at sun.reflect.DelegatingMethodAccessorImpl.invoke(DelegatingMethodAccessorImpl.java:43)
	at java.lang.reflect.Method.invoke(Method.java:498)
	at org.apache.catalina.startup.Bootstrap.load(Bootstrap.java:309)
	at org.apache.catalina.startup.Bootstrap.main(Bootstrap.java:492)
Caused by: org.apache.catalina.LifecycleException: Protocol handler initialization failed
	at org.apache.catalina.connector.Connector.initInternal(Connector.java:995)
	at org.apache.catalina.util.LifecycleBase.init(LifecycleBase.java:107)
	... 12 more
Caused by: java.net.BindException: Address already in use: bind
	at sun.nio.ch.Net.bind0(Native Method)
	at sun.nio.ch.Net.bind(Net.java:433)
	at sun.nio.ch.Net.bind(Net.java:425)
	at sun.nio.ch.ServerSocketChannelImpl.bind(ServerSocketChannelImpl.java:223)
	at sun.nio.ch.ServerSocketAdaptor.bind(ServerSocketAdaptor.java:74)
	at org.apache.tomcat.util.net.NioEndpoint.bind(NioEndpoint.java:219)
	at org.apache.tomcat.util.net.AbstractEndpoint.init(AbstractEndpoint.java:1105)
	at org.apache.tomcat.util.net.AbstractJsseEndpoint.init(AbstractJsseEndpoint.java:224)
	at org.apache.coyote.AbstractProtocol.init(AbstractProtocol.java:581)
	at org.apache.catalina.connector.Connector.initInternal(Connector.java:993)
	... 13 more

20-Apr-2019 09:13:51.035 信息 [main] org.apache.catalina.startup.Catalina.load Initialization processed in 2048 ms
20-Apr-2019 09:13:51.053 信息 [main] org.apache.catalina.core.StandardService.startInternal Starting service [Catalina]
20-Apr-2019 09:13:51.054 信息 [main] org.apache.catalina.core.StandardEngine.startInternal Starting Servlet Engine: Apache Tomcat/8.5.40
20-Apr-2019 09:13:51.064 信息 [localhost-startStop-1] org.apache.catalina.startup.HostConfig.deployDirectory Deploying web application directory [E:\intellji\cas\apache-tomcat-8.5.40SSOServer\webapps\docs]
20-Apr-2019 09:13:51.283 信息 [localhost-startStop-1] org.apache.catalina.startup.HostConfig.deployDirectory Deployment of web application directory [E:\intellji\cas\apache-tomcat-8.5.40SSOServer\webapps\docs] has finished in [219] ms
20-Apr-2019 09:13:51.284 信息 [localhost-startStop-1] org.apache.catalina.startup.HostConfig.deployDirectory Deploying web application directory [E:\intellji\cas\apache-tomcat-8.5.40SSOServer\webapps\examples]
20-Apr-2019 09:13:51.974 信息 [localhost-startStop-1] org.apache.catalina.startup.HostConfig.deployDirectory Deployment of web application directory [E:\intellji\cas\apache-tomcat-8.5.40SSOServer\webapps\examples] has finished in [690] ms
20-Apr-2019 09:13:51.974 信息 [localhost-startStop-1] org.apache.catalina.startup.HostConfig.deployDirectory Deploying web application directory [E:\intellji\cas\apache-tomcat-8.5.40SSOServer\webapps\host-manager]
20-Apr-2019 09:13:52.006 信息 [localhost-startStop-1] org.apache.catalina.startup.HostConfig.deployDirectory Deployment of web application directory [E:\intellji\cas\apache-tomcat-8.5.40SSOServer\webapps\host-manager] has finished in [32] ms
20-Apr-2019 09:13:52.006 信息 [localhost-startStop-1] org.apache.catalina.startup.HostConfig.deployDirectory Deploying web application directory [E:\intellji\cas\apache-tomcat-8.5.40SSOServer\webapps\manager]
20-Apr-2019 09:13:52.034 信息 [localhost-startStop-1] org.apache.catalina.startup.HostConfig.deployDirectory Deployment of web application directory [E:\intellji\cas\apache-tomcat-8.5.40SSOServer\webapps\manager] has finished in [28] ms
20-Apr-2019 09:13:52.035 信息 [localhost-startStop-1] org.apache.catalina.startup.HostConfig.deployDirectory Deploying web application directory [E:\intellji\cas\apache-tomcat-8.5.40SSOServer\webapps\ROOT]
20-Apr-2019 09:13:59.417 信息 [localhost-startStop-1] org.apache.jasper.servlet.TldScanner.scanJars At least one JAR was scanned for TLDs yet contained no TLDs. Enable debug logging for this logger for a complete list of JARs that were scanned but no TLDs were found in them. Skipping unneeded JARs during scanning can improve startup time and JSP compilation time.
20-Apr-2019 09:14:30.564 信息 [localhost-startStop-1] org.apache.catalina.startup.HostConfig.deployDirectory Deployment of web application directory [E:\intellji\cas\apache-tomcat-8.5.40SSOServer\webapps\ROOT] has finished in [38,529] ms
20-Apr-2019 09:14:30.567 信息 [main] org.apache.coyote.AbstractProtocol.start Starting ProtocolHandler ["http-nio-8080"]
20-Apr-2019 09:14:30.579 信息 [main] org.apache.coyote.AbstractProtocol.start Starting ProtocolHandler ["https-jsse-nio-8443"]
20-Apr-2019 09:14:30.587 信息 [main] org.apache.catalina.startup.Catalina.start Server startup in 39552 ms
20-Apr-2019 09:14:30.589 严重 [main] org.apache.catalina.core.StandardServer.await StandardServer.await: create[localhost:8005]: 
 java.net.BindException: Address already in use: JVM_Bind
	at java.net.DualStackPlainSocketImpl.bind0(Native Method)
	at java.net.DualStackPlainSocketImpl.socketBind(DualStackPlainSocketImpl.java:106)
	at java.net.AbstractPlainSocketImpl.bind(AbstractPlainSocketImpl.java:387)
	at java.net.PlainSocketImpl.bind(PlainSocketImpl.java:190)
	at java.net.ServerSocket.bind(ServerSocket.java:375)
	at java.net.ServerSocket.<init>(ServerSocket.java:237)
	at org.apache.catalina.core.StandardServer.await(StandardServer.java:440)
	at org.apache.catalina.startup.Catalina.await(Catalina.java:776)
	at org.apache.catalina.startup.Catalina.start(Catalina.java:722)
	at sun.reflect.NativeMethodAccessorImpl.invoke0(Native Method)
	at sun.reflect.NativeMethodAccessorImpl.invoke(NativeMethodAccessorImpl.java:62)
	at sun.reflect.DelegatingMethodAccessorImpl.invoke(DelegatingMethodAccessorImpl.java:43)
	at java.lang.reflect.Method.invoke(Method.java:498)
	at org.apache.catalina.startup.Bootstrap.start(Bootstrap.java:353)
	at org.apache.catalina.startup.Bootstrap.main(Bootstrap.java:493)

20-Apr-2019 09:14:30.589 信息 [main] org.apache.coyote.AbstractProtocol.pause Pausing ProtocolHandler ["http-nio-8080"]
20-Apr-2019 09:14:30.836 信息 [main] org.apache.coyote.AbstractProtocol.pause Pausing ProtocolHandler ["https-jsse-nio-8443"]
20-Apr-2019 09:14:31.078 信息 [main] org.apache.coyote.AbstractProtocol.pause Pausing ProtocolHandler ["ajp-nio-8009"]
20-Apr-2019 09:14:31.078 信息 [main] org.apache.catalina.core.StandardService.stopInternal Stopping service [Catalina]
20-Apr-2019 09:14:31.150 信息 [main] org.apache.coyote.AbstractProtocol.stop Stopping ProtocolHandler ["http-nio-8080"]
20-Apr-2019 09:14:31.154 信息 [main] org.apache.coyote.AbstractProtocol.stop Stopping ProtocolHandler ["https-jsse-nio-8443"]
20-Apr-2019 09:14:31.157 信息 [main] org.apache.coyote.AbstractProtocol.destroy Destroying ProtocolHandler ["http-nio-8080"]
20-Apr-2019 09:14:31.157 信息 [main] org.apache.coyote.AbstractProtocol.destroy Destroying ProtocolHandler ["https-jsse-nio-8443"]
20-Apr-2019 09:14:31.158 信息 [main] org.apache.coyote.AbstractProtocol.stop Stopping ProtocolHandler ["ajp-nio-8009"]
20-Apr-2019 09:14:31.158 信息 [main] org.apache.coyote.AbstractProtocol.destroy Destroying ProtocolHandler ["ajp-nio-8009"]
